<?xml version="1.0" encoding="UTF-8"?>
<beans xmlns="http://www.springframework.org/schema/beans"
	xmlns:xsi="http://www.w3.org/2001/XMLSchema-instance"
	xsi:schemaLocation="http://www.springframework.org/schema/beans http://www.springframework.org/schema/beans/spring-beans.xsd">
	
	<bean id="dataSource" class="org.springframework.jdbc.datasource.SimpleDriverDataSource">
		<property name="driverClass" value="com.mysql.cj.jdbc.Driver" />
		<!-- 테스트용 DB의 url을 설정 -->
		<property name="url" value="jdbc:mysql://localhost:3306/testdb?useSSL=false&amp;allowPublicKeyRetrieval=true&amp;serverTimezone=Asia/Tokyo" />
		<property name="username" value="spring" />
		<property name="password" value="book" />
	</bean>
	
	<bean id="userService" class="springbook.user.service.UserService">
		<property name="userDao" ref="userDao"></property>
		<property name="userLevelUpgradePolicy" ref="userLevelUpgradePolicy"></property>
		<property name="transactionManager" ref="transactionManager"></property>
	</bean>
	
	<bean id="transactionManager" class="org.springframework.jdbc.datasource.DataSourceTransactionManager">
		<property name="dataSource" ref="dataSource"></property>
	</bean>
	
	<bean id="userLevelUpgradePolicy" class="springbook.user.service.CommonUserLevelUpgradePolicy">
		<property name="userDao" ref="userDao"></property>
		<property name="mailSender" ref="mailSender"></property>
	</bean>
	
	<bean id="mailSender" class="springbook.user.service.DummyMailSender">
	</bean>
	
	<bean id="userDao" class="springbook.user.dao.UserDaoJdbc">
		<property name="dataSource" ref="dataSource" />
	</bean>

</beans>
