<?xml version="1.0" encoding="UTF-8"?>
<beans xmlns="http://www.springframework.org/schema/beans"
	xmlns:xsi="http://www.w3.org/2001/XMLSchema-instance"
	xmlns:aop="http://www.springframework.org/schema/aop"
	xmlns:tx="http://www.springframework.org/schema/tx"
	xmlns:context="http://www.springframework.org/schema/context"
	xsi:schemaLocation="http://www.springframework.org/schema/beans http://www.springframework.org/schema/beans/spring-beans.xsd
		http://www.springframework.org/schema/context http://www.springframework.org/schema/context/spring-context-3.0.xsd
		http://www.springframework.org/schema/aop http://www.springframework.org/schema/aop/spring-aop-3.0.xsd
		http://www.springframework.org/schema/tx http://www.springframework.org/schema/tx/spring-tx-3.0.xsd">
	
	<tx:annotation-driven/>
	
	<!-- 코드의 어노테이션을 이용해 부가적인 빈 설정이 가능하도록하는 후처리기를 등록 -->
	<context:annotation-config/>
	
	<bean id="dataSource" class="org.springframework.jdbc.datasource.SimpleDriverDataSource">
		<property name="driverClass" value="com.mysql.cj.jdbc.Driver" />
		<!-- 테스트용 DB의 url을 설정 -->
		<property name="url" value="jdbc:mysql://localhost:3306/testdb?useSSL=false&amp;allowPublicKeyRetrieval=true&amp;serverTimezone=Asia/Tokyo" />
		<property name="username" value="spring" />
		<property name="password" value="book" />
	</bean>
	
	<bean id="userService" class="springbook.user.service.UserServiceImpl">
		<property name="userDao" ref="userDao"></property>
		<property name="userLevelUpgradePolicy" ref="userLevelUpgradePolicy"></property>
	</bean>
	
	<bean id="transactionManager" class="org.springframework.jdbc.datasource.DataSourceTransactionManager">
		<property name="dataSource" ref="dataSource"></property>
	</bean>
	
	<bean id="userLevelUpgradePolicy" class="springbook.user.service.CommonUserLevelUpgradePolicy">
		<property name="userDao" ref="userDao"></property>
		<property name="mailSender" ref="mailSender"></property>
	</bean>
	
	<!-- 트랜젝션 테스트(upgradeAllOrNothing())용 UserService -->
	<bean id="testUserService" class="springbook.user.service.UserServiceImpl" parent="userService">
		<property name="userLevelUpgradePolicy" ref="testUserLevelUpgradePolicy" />
	</bean>
	
	<!-- 트랜젝션 테스트(upgradeAllOrNothing())용 UserLevelUpgradePolicy -->
	<bean id="testUserLevelUpgradePolicy" class="springbook.user.service.UserServiceTest$TestUserLevelUpgradePolicy" parent="userLevelUpgradePolicy" />
	
	<!-- 읽기전용 속성 테스트(readOnlyTransactionAttribute)용 UserService -->
	<bean id="testUserService2" class="springbook.user.service.UserServiceTest$TestUserService" parent="userService">
	</bean>
	
	<bean id="mailSender" class="springbook.user.service.DummyMailSender">
	</bean>
	
	<bean id="userDao" class="springbook.user.dao.UserDaoJdbc">
		<property name="dataSource" ref="dataSource" />
		<property name="sqlService" ref="sqlService" />
	</bean>
	
	<bean id="sqlService" class="springbook.user.sqlservice.XmlSqlService">
		<property name="sqlmapFile" value="sqlmap.xml" />
		<property name="sqlReader" ref="sqlService" />
		<property name="sqlRegistry" ref="sqlService" />
	</bean>
	
</beans>
